  Windows10Debloater.cpp
D:\source\repos\Windows10Debloater\Windows10Debloater\optimize.h(6,172): warning C4267: 'argument': conversion from 'size_t' to 'DWORD', possible loss of data
D:\source\repos\Windows10Debloater\Windows10Debloater\optimize.h(7,166): warning C4267: 'argument': conversion from 'size_t' to 'DWORD', possible loss of data
D:\source\repos\Windows10Debloater\Windows10Debloater\optimize.h(21,214): warning C4267: 'argument': conversion from 'size_t' to 'DWORD', possible loss of data
D:\source\repos\Windows10Debloater\Windows10Debloater\optimize.h(22,214): warning C4267: 'argument': conversion from 'size_t' to 'DWORD', possible loss of data
D:\source\repos\Windows10Debloater\Windows10Debloater\optimize.h(24,117): warning C4267: 'argument': conversion from 'size_t' to 'DWORD', possible loss of data
D:\source\repos\Windows10Debloater\Windows10Debloater\optimize.h(25,125): warning C4267: 'argument': conversion from 'size_t' to 'DWORD', possible loss of data
D:\source\repos\Windows10Debloater\Windows10Debloater\optimize.h(26,118): warning C4267: 'argument': conversion from 'size_t' to 'DWORD', possible loss of data
D:\source\repos\Windows10Debloater\Windows10Debloater\optimize.h(27,131): warning C4267: 'argument': conversion from 'size_t' to 'DWORD', possible loss of data
D:\source\repos\Windows10Debloater\Windows10Debloater\optimize.h(28,131): warning C4267: 'argument': conversion from 'size_t' to 'DWORD', possible loss of data
D:\source\repos\Windows10Debloater\Windows10Debloater\optimize.h(29,117): warning C4267: 'argument': conversion from 'size_t' to 'DWORD', possible loss of data
D:\source\repos\Windows10Debloater\Windows10Debloater\Windows10Debloater.cpp(74): warning C4311: 'type cast': pointer truncation from 'HINSTANCE' to 'int'
D:\source\repos\Windows10Debloater\Windows10Debloater\Windows10Debloater.cpp(74): warning C4302: 'type cast': truncation from 'HINSTANCE' to 'int'
C:\Program Files\Microsoft Visual Studio\2022\Community\VC\Tools\MSVC\14.35.32215\include\xstring(2859,53): warning C4244: 'argument': conversion from 'wchar_t' to 'const _Elem', possible loss of data
          with
          [
              _Elem=char
          ]
C:\Program Files\Microsoft Visual Studio\2022\Community\VC\Tools\MSVC\14.35.32215\include\xstring(2718,1): message : see reference to function template instantiation 'void std::basic_string<char,std::char_traits<char>,std::allocator<char>>::_Construct_from_iter<wchar_t*,wchar_t*,_Size_type>(_Iter,const _Sent,_Size)' being compiled
          with
          [
              _Size_type=unsigned __int64,
              _Iter=wchar_t *,
              _Sent=wchar_t *,
              _Size=unsigned __int64
          ]
C:\Program Files\Microsoft Visual Studio\2022\Community\VC\Tools\MSVC\14.35.32215\include\xstring(2718,37): message : see reference to function template instantiation 'void std::basic_string<char,std::char_traits<char>,std::allocator<char>>::_Construct_from_iter<wchar_t*,wchar_t*,_Size_type>(_Iter,const _Sent,_Size)' being compiled
          with
          [
              _Size_type=unsigned __int64,
              _Iter=wchar_t *,
              _Sent=wchar_t *,
              _Size=unsigned __int64
          ]
D:\source\repos\Windows10Debloater\Windows10Debloater\optimize.h(52): message : see reference to function template instantiation 'std::basic_string<char,std::char_traits<char>,std::allocator<char>>::basic_string<std::_String_iterator<std::_String_val<std::_Simple_types<_Elem>>>,0>(_Iter,_Iter,const _Alloc &)' being compiled
          with
          [
              _Elem=wchar_t,
              _Iter=std::_String_iterator<std::_String_val<std::_Simple_types<wchar_t>>>,
              _Alloc=std::allocator<char>
          ]
D:\source\repos\Windows10Debloater\Windows10Debloater\optimize.h(52,34): message : see reference to function template instantiation 'std::basic_string<char,std::char_traits<char>,std::allocator<char>>::basic_string<std::_String_iterator<std::_String_val<std::_Simple_types<_Elem>>>,0>(_Iter,_Iter,const _Alloc &)' being compiled
          with
          [
              _Elem=wchar_t,
              _Iter=std::_String_iterator<std::_String_val<std::_Simple_types<wchar_t>>>,
              _Alloc=std::allocator<char>
          ]
  Generating code
  126 of 140 functions (90.0%) were compiled, the rest were copied from previous compilation.
    125 functions were new in current compilation
    0 functions had inline decision re-evaluated but remain unchanged
  Finished generating code
  Windows10Debloater.vcxproj -> D:\source\repos\Windows10Debloater\x64\Release\Windows10Debloater.exe
